2025-03-24 10:16:51,240 - INFO - This is an info message.
2025-03-24 10:16:51,241 - WARNING - This is a warning message.
2025-03-24 10:16:51,241 - ERROR - This is an error message.
2025-03-24 10:28:44,672 - INFO - This is an info message.
2025-03-24 10:28:44,672 - WARNING - This is a warning message.
2025-03-24 10:28:44,673 - ERROR - This is an error message.
2025-03-24 10:29:53,348 - INFO - This is an info message.
2025-03-24 10:29:53,348 - WARNING - This is a warning message.
2025-03-24 10:29:53,348 - ERROR - This is an error message.
2025-03-24 10:53:26,325 - INFO - This is an info message.
2025-03-24 10:53:26,325 - WARNING - This is a warning message.
2025-03-24 10:53:26,325 - ERROR - This is an error message.
2025-03-24 10:53:26,764 - INFO - Overview page Viewed
2025-03-24 10:54:10,189 - INFO - Overview page Viewed
2025-03-24 10:55:32,712 - INFO - Overview page Viewed
2025-03-24 10:56:31,994 - INFO - Overview page Viewed
2025-03-24 10:56:44,310 - INFO - Overview page Viewed
2025-03-24 11:37:24,761 - INFO - Overview page Viewed
2025-03-24 11:37:26,017 - INFO - Order page Viewed
2025-03-24 11:37:27,404 - INFO - Overview page Viewed
2025-03-24 11:38:33,083 - INFO - Live Event page Viewed
2025-03-24 11:38:38,301 - INFO - Live Event page Viewed
2025-03-24 11:38:40,776 - INFO - Live Event page Viewed
2025-03-24 11:38:48,965 - INFO - Overview page Viewed
2025-03-24 11:39:20,755 - INFO - Overview page Viewed
2025-03-24 11:39:29,921 - INFO - Overview page Viewed
2025-03-24 11:39:40,940 - INFO - Order page Viewed
2025-03-24 11:50:43,963 - INFO - This is an info message.
2025-03-24 11:50:43,964 - WARNING - This is a warning message.
2025-03-24 11:50:43,964 - ERROR - This is an error message.
2025-03-24 11:50:44,172 - WARNING - `set_page_config()` can only be called once per app page, and must be called as the first Streamlit command in your script.

For more information refer to the [docs](https://docs.streamlit.io/develop/api-reference/configuration/st.set_page_config).
2025-03-24 11:51:42,219 - INFO - This is an info message.
2025-03-24 11:51:42,220 - WARNING - This is a warning message.
2025-03-24 11:51:42,220 - ERROR - This is an error message.
2025-03-24 11:51:42,227 - WARNING - `set_page_config()` can only be called once per app page, and must be called as the first Streamlit command in your script.

For more information refer to the [docs](https://docs.streamlit.io/develop/api-reference/configuration/st.set_page_config).
2025-03-24 11:54:31,171 - INFO - This is an info message.
2025-03-24 11:54:31,172 - WARNING - This is a warning message.
2025-03-24 11:54:31,172 - ERROR - This is an error message.
2025-03-24 11:54:31,176 - WARNING - `set_page_config()` can only be called once per app page, and must be called as the first Streamlit command in your script.

For more information refer to the [docs](https://docs.streamlit.io/develop/api-reference/configuration/st.set_page_config).
2025-03-24 11:54:58,091 - INFO - This is an info message.
2025-03-24 11:54:58,092 - WARNING - This is a warning message.
2025-03-24 11:54:58,092 - ERROR - This is an error message.
2025-03-24 11:55:05,415 - INFO - Overview page Viewed
2025-03-24 11:56:55,341 - INFO - This is an info message.
2025-03-24 11:56:55,342 - WARNING - This is a warning message.
2025-03-24 11:56:55,342 - ERROR - This is an error message.
2025-03-24 11:58:37,518 - INFO - This is an info message.
2025-03-24 11:58:37,518 - WARNING - This is a warning message.
2025-03-24 11:58:37,519 - ERROR - This is an error message.
2025-03-24 11:58:40,285 - WARNING - `set_page_config()` can only be called once per app page, and must be called as the first Streamlit command in your script.

For more information refer to the [docs](https://docs.streamlit.io/develop/api-reference/configuration/st.set_page_config).
2025-03-24 11:58:57,903 - INFO - This is an info message.
2025-03-24 11:58:57,903 - WARNING - This is a warning message.
2025-03-24 11:58:57,903 - ERROR - This is an error message.
2025-03-24 11:59:14,721 - INFO - Overview page Viewed
2025-03-24 12:01:59,973 - INFO - This is an info message.
2025-03-24 12:01:59,973 - WARNING - This is a warning message.
2025-03-24 12:01:59,973 - ERROR - This is an error message.
2025-03-24 12:02:02,580 - WARNING - TextWidgetsMixin.text_input() missing 1 required positional argument: 'label'
2025-03-24 12:02:49,551 - INFO - This is an info message.
2025-03-24 12:02:49,551 - WARNING - This is a warning message.
2025-03-24 12:02:49,552 - ERROR - This is an error message.
2025-03-24 12:02:49,555 - INFO - Overview page Viewed
2025-03-24 12:04:11,048 - INFO - Overview page Viewed
2025-03-24 12:04:40,187 - INFO - Overview page Viewed
2025-03-24 12:07:52,066 - INFO - Overview page Viewed
2025-03-24 12:08:16,220 - INFO - Overview page Viewed
2025-03-24 12:08:47,525 - INFO - Overview page Viewed
2025-03-24 12:09:24,007 - INFO - Order page Viewed
2025-03-24 12:16:03,737 - INFO - Overview page Viewed
2025-03-24 12:49:37,325 - INFO - This is an info message.
2025-03-24 12:49:37,326 - WARNING - This is a warning message.
2025-03-24 12:49:37,326 - ERROR - This is an error message.
2025-03-24 12:49:41,100 - INFO - Overview page Viewed
2025-03-24 12:50:05,519 - INFO - Overview page Viewed
2025-03-24 12:51:38,582 - INFO - Order page Viewed
2025-03-24 12:51:48,408 - INFO - Order page Viewed
2025-03-24 12:51:52,408 - INFO - Order page Viewed
2025-03-24 12:51:56,966 - INFO - Order page Viewed
2025-03-24 12:52:02,493 - INFO - Order page Viewed
2025-03-24 12:52:09,935 - INFO - Event page Viewed
2025-03-24 12:52:09,938 - WARNING - module 'Queries' has no attribute 'REAL_EVENT'
2025-03-24 12:53:15,785 - INFO - This is an info message.
2025-03-24 12:53:15,787 - WARNING - This is a warning message.
2025-03-24 12:53:15,788 - ERROR - This is an error message.
2025-03-24 12:53:15,798 - INFO - Overview page Viewed
2025-03-24 12:53:17,013 - INFO - Event page Viewed
2025-03-24 12:53:17,016 - WARNING - fetch_all_events() takes 0 positional arguments but 1 was given
2025-03-24 12:53:43,669 - INFO - This is an info message.
2025-03-24 12:53:43,670 - WARNING - This is a warning message.
2025-03-24 12:53:43,671 - ERROR - This is an error message.
2025-03-24 12:53:43,684 - INFO - Order page Viewed
2025-03-24 12:53:44,498 - INFO - Event page Viewed
2025-03-24 12:53:44,499 - WARNING - fetch_all_events() takes 0 positional arguments but 1 was given
2025-03-24 12:54:11,926 - INFO - Event page Viewed
2025-03-24 12:54:11,930 - WARNING - fetch_all_events() takes 0 positional arguments but 1 was given
2025-03-24 12:54:13,817 - INFO - Live Event page Viewed
2025-03-24 12:54:23,241 - INFO - Live Event page Viewed
2025-03-24 12:54:34,848 - INFO - Live Event page Viewed
2025-03-24 12:54:35,849 - INFO - Overview page Viewed
2025-03-24 12:55:02,812 - INFO - Live Event page Viewed
2025-03-24 12:55:04,848 - INFO - Event page Viewed
2025-03-24 12:55:04,850 - WARNING - fetch_all_events() takes 0 positional arguments but 1 was given
2025-03-24 13:55:23,034 - INFO - This is an info message.
2025-03-24 13:55:23,035 - WARNING - This is a warning message.
2025-03-24 13:55:23,036 - ERROR - This is an error message.
2025-03-24 13:55:24,257 - INFO - Event page Viewed
2025-03-24 13:55:24,259 - WARNING - fetch_all_events() takes 0 positional arguments but 1 was given
2025-03-24 13:56:10,328 - INFO - This is an info message.
2025-03-24 13:56:10,335 - WARNING - This is a warning message.
2025-03-24 13:56:10,337 - ERROR - This is an error message.
2025-03-24 13:56:10,345 - INFO - Order page Viewed
2025-03-24 13:56:11,295 - INFO - Event page Viewed
2025-03-24 13:56:11,296 - WARNING - module 'Queries' has no attribute 'REAL_EVENT'
2025-03-24 13:56:20,011 - INFO - Event page Viewed
2025-03-24 13:56:20,013 - WARNING - module 'Queries' has no attribute 'REAL_EVENT'
2025-03-24 13:57:43,758 - INFO - This is an info message.
2025-03-24 13:57:43,759 - WARNING - This is a warning message.
2025-03-24 13:57:43,760 - ERROR - This is an error message.
2025-03-24 13:57:48,185 - INFO - Event page Viewed
2025-03-24 13:57:54,508 - INFO - Live Event page Viewed
2025-03-24 13:58:04,730 - INFO - Live Event page Viewed
2025-03-24 13:58:10,322 - INFO - Overview page Viewed
2025-03-24 13:58:11,210 - INFO - Order page Viewed
2025-03-24 13:59:47,673 - INFO - Event page Viewed
2025-03-24 13:59:50,473 - INFO - Live Event page Viewed
2025-03-24 14:00:02,002 - INFO - Live Event page Viewed
2025-03-24 14:00:13,348 - INFO - Live Event page Viewed
2025-03-24 14:00:24,629 - INFO - Live Event page Viewed
2025-03-24 14:00:36,289 - INFO - Live Event page Viewed
2025-03-24 14:00:48,176 - INFO - Live Event page Viewed
2025-03-24 14:01:00,391 - INFO - Live Event page Viewed
2025-03-24 14:01:11,640 - INFO - Live Event page Viewed
2025-03-24 14:01:23,254 - INFO - Live Event page Viewed
2025-03-24 14:01:34,793 - INFO - Live Event page Viewed
2025-03-24 14:01:46,541 - INFO - Live Event page Viewed
2025-03-24 14:01:57,941 - INFO - Live Event page Viewed
2025-03-24 14:02:09,124 - INFO - Live Event page Viewed
2025-03-24 14:02:20,216 - INFO - Live Event page Viewed
2025-03-24 14:02:31,544 - INFO - Live Event page Viewed
2025-03-24 14:02:43,105 - INFO - Live Event page Viewed
2025-03-24 14:02:54,114 - INFO - Live Event page Viewed
2025-03-24 14:03:05,593 - INFO - This is an info message.
2025-03-24 14:03:05,594 - WARNING - This is a warning message.
2025-03-24 14:03:05,595 - ERROR - This is an error message.
2025-03-24 14:03:05,599 - WARNING - module 'streamlit' has no attribute 'b'
2025-03-24 14:06:17,796 - INFO - This is an info message.
2025-03-24 14:06:17,797 - WARNING - This is a warning message.
2025-03-24 14:06:17,797 - ERROR - This is an error message.
2025-03-24 14:06:20,332 - INFO - Order page Viewed
2025-03-24 14:06:21,254 - INFO - Event page Viewed
2025-03-24 14:07:01,152 - INFO - Order page Viewed
2025-03-24 14:07:02,711 - INFO - Event page Viewed
2025-03-24 14:07:08,702 - INFO - Live Event page Viewed
2025-03-24 14:07:20,355 - INFO - Live Event page Viewed
2025-03-24 14:07:31,939 - INFO - Live Event page Viewed
2025-03-24 14:07:43,658 - INFO - Live Event page Viewed
2025-03-24 14:07:55,179 - INFO - Live Event page Viewed
2025-03-24 14:08:07,254 - INFO - Live Event page Viewed
2025-03-24 14:08:18,922 - INFO - Live Event page Viewed
2025-03-24 14:08:30,579 - INFO - Live Event page Viewed
2025-03-24 14:08:41,898 - INFO - Live Event page Viewed
2025-03-24 14:08:53,139 - INFO - Live Event page Viewed
2025-03-24 14:09:04,471 - INFO - Live Event page Viewed
2025-03-24 14:09:15,686 - INFO - This is an info message.
2025-03-24 14:09:15,686 - WARNING - This is a warning message.
2025-03-24 14:09:15,690 - ERROR - This is an error message.
2025-03-24 14:09:15,697 - INFO - Live Event page Viewed
2025-03-24 14:09:26,778 - INFO - Live Event page Viewed
2025-03-24 14:09:37,876 - INFO - Live Event page Viewed
2025-03-24 14:09:49,121 - INFO - This is an info message.
2025-03-24 14:09:49,124 - WARNING - This is a warning message.
2025-03-24 14:09:49,125 - ERROR - This is an error message.
2025-03-24 14:09:49,137 - INFO - Live Event page Viewed
2025-03-24 14:10:00,143 - INFO - Live Event page Viewed
2025-03-24 14:10:11,285 - INFO - Live Event page Viewed
2025-03-24 14:10:22,564 - INFO - Live Event page Viewed
2025-03-24 14:10:33,840 - INFO - Live Event page Viewed
2025-03-24 14:10:45,107 - INFO - Live Event page Viewed
2025-03-24 14:10:56,319 - INFO - Live Event page Viewed
2025-03-24 14:11:07,536 - INFO - Live Event page Viewed
2025-03-24 14:11:18,765 - INFO - Live Event page Viewed
2025-03-24 14:11:30,205 - INFO - Live Event page Viewed
2025-03-24 14:11:42,198 - INFO - Live Event page Viewed
2025-03-24 14:11:53,452 - INFO - Live Event page Viewed
2025-03-24 14:12:04,838 - INFO - Live Event page Viewed
2025-03-24 14:12:15,898 - INFO - Live Event page Viewed
2025-03-24 14:12:27,072 - INFO - Live Event page Viewed
2025-03-24 14:12:38,631 - INFO - Live Event page Viewed
2025-03-24 14:12:50,351 - INFO - Live Event page Viewed
2025-03-24 14:13:01,579 - INFO - Live Event page Viewed
2025-03-24 14:13:13,226 - INFO - Live Event page Viewed
2025-03-24 14:13:24,578 - INFO - Live Event page Viewed
2025-03-24 14:13:36,008 - INFO - Live Event page Viewed
2025-03-24 14:13:47,318 - INFO - Live Event page Viewed
2025-03-24 14:13:59,130 - INFO - Live Event page Viewed
2025-03-24 14:14:10,580 - INFO - Live Event page Viewed
2025-03-24 14:14:22,679 - INFO - Live Event page Viewed
2025-03-24 14:14:34,113 - INFO - Live Event page Viewed
2025-03-24 14:14:45,800 - INFO - Live Event page Viewed
2025-03-24 14:14:57,050 - INFO - Live Event page Viewed
2025-03-24 14:15:08,450 - INFO - Live Event page Viewed
2025-03-24 14:15:19,800 - INFO - Live Event page Viewed
2025-03-24 14:15:31,165 - INFO - Live Event page Viewed
2025-03-24 14:15:42,369 - INFO - Live Event page Viewed
2025-03-24 14:15:53,795 - INFO - Live Event page Viewed
2025-03-24 14:16:04,857 - INFO - Live Event page Viewed
2025-03-24 14:16:16,067 - INFO - Live Event page Viewed
2025-03-24 14:16:27,137 - INFO - Live Event page Viewed
2025-03-24 14:16:37,106 - INFO - Live Event page Viewed
2025-03-24 14:31:26,587 - INFO - This is an info message.
2025-03-24 14:31:26,587 - WARNING - This is a warning message.
2025-03-24 14:31:26,587 - ERROR - This is an error message.
2025-03-24 14:39:28,840 - INFO - This is an info message.
2025-03-24 14:39:28,841 - WARNING - This is a warning message.
2025-03-24 14:39:28,841 - ERROR - This is an error message.
2025-03-24 14:44:57,465 - INFO - This is an info message.
2025-03-24 14:44:57,465 - WARNING - This is a warning message.
2025-03-24 14:44:57,466 - ERROR - This is an error message.
2025-03-24 14:46:18,271 - INFO - This is an info message.
2025-03-24 14:46:18,271 - WARNING - This is a warning message.
2025-03-24 14:46:18,272 - ERROR - This is an error message.
2025-03-24 14:46:22,822 - INFO - Overview page Viewed
2025-03-24 14:51:30,613 - INFO - Overview page Viewed
2025-03-24 14:51:45,284 - INFO - Event page Viewed
2025-03-24 15:36:10,396 - INFO - Overview page Viewed
2025-03-24 15:36:40,168 - INFO - Overview page Viewed
2025-03-24 15:36:53,991 - INFO - Order page Viewed
2025-03-24 15:37:00,218 - INFO - Order page Viewed
2025-03-24 15:37:04,748 - INFO - Order page Viewed
2025-03-24 15:37:09,415 - INFO - Order page Viewed
2025-03-24 15:37:15,400 - INFO - Order page Viewed
2025-03-24 15:37:36,795 - INFO - Event page Viewed
2025-03-24 15:38:32,637 - INFO - Event page Viewed
2025-03-24 15:38:35,509 - INFO - Event page Viewed
2025-03-24 15:38:43,571 - INFO - Event page Viewed
2025-03-24 15:38:45,063 - INFO - Event page Viewed
2025-03-24 15:38:47,583 - INFO - Live Event page Viewed
2025-03-24 15:38:59,013 - INFO - Live Event page Viewed
2025-03-24 15:39:10,922 - INFO - Live Event page Viewed
2025-03-24 15:39:22,187 - INFO - Live Event page Viewed
2025-03-24 15:39:33,853 - INFO - Live Event page Viewed
2025-03-24 15:39:45,551 - INFO - Live Event page Viewed
2025-03-24 15:39:56,610 - INFO - Live Event page Viewed
2025-03-24 15:40:01,051 - INFO - Live Event page Viewed
2025-03-24 15:40:05,293 - INFO - Live Event page Viewed
2025-03-24 15:40:06,753 - INFO - Live Event page Viewed
2025-03-24 15:40:10,222 - INFO - Overview page Viewed
2025-03-24 17:44:12,936 - INFO - This is an info message.
2025-03-24 17:44:12,936 - WARNING - This is a warning message.
2025-03-24 17:44:12,937 - ERROR - This is an error message.
2025-03-24 17:44:15,071 - INFO - Order page Viewed
2025-03-24 17:45:01,547 - INFO - Event page Viewed
2025-03-25 23:43:53,816 - INFO - This is an info message.
2025-03-25 23:43:53,816 - WARNING - This is a warning message.
2025-03-25 23:43:53,817 - ERROR - This is an error message.
2025-03-25 23:45:47,671 - INFO - This is an info message.
2025-03-25 23:45:47,672 - WARNING - This is a warning message.
2025-03-25 23:45:47,672 - ERROR - This is an error message.
2025-03-25 23:46:14,069 - INFO - Overview page Viewed
2025-03-25 23:48:47,124 - INFO - This is an info message.
2025-03-25 23:48:47,125 - WARNING - This is a warning message.
2025-03-25 23:48:47,125 - ERROR - This is an error message.
2025-03-25 23:48:49,767 - INFO - Overview page Viewed
2025-03-25 23:49:37,625 - INFO - Overview page Viewed
2025-03-25 23:59:54,417 - INFO - This is an info message.
2025-03-25 23:59:54,418 - WARNING - This is a warning message.
2025-03-25 23:59:54,418 - ERROR - This is an error message.
2025-03-26 00:01:08,745 - INFO - This is an info message.
2025-03-26 00:01:08,745 - WARNING - This is a warning message.
2025-03-26 00:01:08,746 - ERROR - This is an error message.
2025-03-26 00:03:23,249 - INFO - This is an info message.
2025-03-26 00:03:23,250 - WARNING - This is a warning message.
2025-03-26 00:03:23,250 - ERROR - This is an error message.
2025-03-26 00:15:07,265 - INFO - This is an info message.
2025-03-26 00:15:07,266 - WARNING - This is a warning message.
2025-03-26 00:15:07,266 - ERROR - This is an error message.
2025-03-26 00:15:45,067 - INFO - This is an info message.
2025-03-26 00:15:45,067 - WARNING - This is a warning message.
2025-03-26 00:15:45,068 - ERROR - This is an error message.
2025-03-26 00:16:08,449 - INFO - Overview page Viewed
2025-03-26 00:44:56,395 - INFO - This is an info message.
2025-03-26 00:44:56,396 - WARNING - This is a warning message.
2025-03-26 00:44:56,396 - ERROR - This is an error message.
2025-03-26 00:45:13,783 - INFO - Overview page Viewed
2025-03-26 00:46:42,840 - INFO - This is an info message.
2025-03-26 00:46:42,840 - WARNING - This is a warning message.
2025-03-26 00:46:42,841 - ERROR - This is an error message.
2025-03-26 00:49:31,412 - INFO - This is an info message.
2025-03-26 00:49:31,412 - WARNING - This is a warning message.
2025-03-26 00:49:31,413 - ERROR - This is an error message.
2025-03-26 00:49:54,649 - INFO - Overview page Viewed
2025-03-26 00:50:57,789 - INFO - This is an info message.
2025-03-26 00:50:57,789 - WARNING - This is a warning message.
2025-03-26 00:50:57,789 - ERROR - This is an error message.
2025-03-26 00:55:27,790 - INFO - This is an info message.
2025-03-26 00:55:27,790 - WARNING - This is a warning message.
2025-03-26 00:55:27,791 - ERROR - This is an error message.
2025-03-26 00:55:30,444 - INFO - Event page Viewed
2025-03-26 00:56:16,731 - INFO - This is an info message.
2025-03-26 00:56:16,731 - WARNING - This is a warning message.
2025-03-26 00:56:16,731 - ERROR - This is an error message.
2025-03-26 00:56:19,439 - INFO - Live Event page Viewed
2025-03-26 00:58:44,348 - INFO - This is an info message.
2025-03-26 00:58:44,349 - WARNING - This is a warning message.
2025-03-26 00:58:44,350 - ERROR - This is an error message.
2025-03-26 00:58:47,252 - INFO - Live Event page Viewed
2025-03-26 01:00:04,958 - INFO - This is an info message.
2025-03-26 01:00:04,959 - WARNING - This is a warning message.
2025-03-26 01:00:04,959 - ERROR - This is an error message.
2025-03-26 01:00:07,538 - INFO - Live Event page Viewed
2025-03-26 01:01:10,335 - INFO - This is an info message.
2025-03-26 01:01:10,335 - WARNING - This is a warning message.
2025-03-26 01:01:10,336 - ERROR - This is an error message.
2025-03-26 01:01:13,097 - INFO - Live Event page Viewed
2025-03-26 01:02:41,388 - INFO - This is an info message.
2025-03-26 01:02:41,389 - WARNING - This is a warning message.
2025-03-26 01:02:41,389 - ERROR - This is an error message.
2025-03-26 01:05:22,390 - INFO - This is an info message.
2025-03-26 01:05:22,390 - WARNING - This is a warning message.
2025-03-26 01:05:22,390 - ERROR - This is an error message.
2025-03-26 01:05:25,168 - INFO - Live Event page Viewed
2025-03-26 01:09:48,356 - INFO - This is an info message.
2025-03-26 01:09:48,357 - WARNING - This is a warning message.
2025-03-26 01:09:48,358 - ERROR - This is an error message.
2025-03-26 01:09:50,928 - INFO - Overview page Viewed
2025-03-26 01:36:39,250 - INFO - This is an info message.
2025-03-26 01:36:39,250 - WARNING - This is a warning message.
2025-03-26 01:36:39,251 - ERROR - This is an error message.
2025-03-26 01:36:52,824 - INFO - Overview page Viewed
2025-03-26 01:37:35,511 - INFO - This is an info message.
2025-03-26 01:37:35,512 - WARNING - This is a warning message.
2025-03-26 01:37:35,513 - ERROR - This is an error message.
2025-03-26 01:37:38,029 - INFO - Order page Viewed
2025-03-26 01:37:41,319 - INFO - Overview page Viewed
2025-03-26 01:38:08,632 - INFO - Overview page Viewed
2025-03-26 01:41:50,968 - INFO - This is an info message.
2025-03-26 01:41:50,970 - WARNING - This is a warning message.
2025-03-26 01:41:50,970 - ERROR - This is an error message.
2025-03-26 01:42:07,845 - INFO - Overview page Viewed
2025-03-26 01:42:45,525 - INFO - This is an info message.
2025-03-26 01:42:45,525 - WARNING - This is a warning message.
2025-03-26 01:42:45,526 - ERROR - This is an error message.
2025-03-26 01:42:56,809 - INFO - Overview page Viewed
2025-03-26 01:43:48,509 - INFO - This is an info message.
2025-03-26 01:43:48,510 - WARNING - This is a warning message.
2025-03-26 01:43:48,511 - ERROR - This is an error message.
2025-03-26 01:43:52,922 - INFO - Overview page Viewed
2025-03-26 01:48:41,190 - INFO - This is an info message.
2025-03-26 01:48:41,190 - WARNING - This is a warning message.
2025-03-26 01:48:41,192 - ERROR - This is an error message.
2025-03-26 01:48:43,938 - INFO - Live Event page Viewed
2025-03-26 01:48:47,118 - INFO - Overview page Viewed
2025-03-26 01:49:12,692 - INFO - This is an info message.
2025-03-26 01:49:12,696 - WARNING - This is a warning message.
2025-03-26 01:49:12,696 - ERROR - This is an error message.
2025-03-26 01:49:16,428 - INFO - Overview page Viewed
2025-03-26 01:49:26,123 - INFO - Overview page Viewed
2025-03-26 01:49:39,339 - INFO - Overview page Viewed
2025-03-26 01:49:51,322 - INFO - Overview page Viewed
2025-03-26 01:53:14,353 - INFO - This is an info message.
2025-03-26 01:53:14,354 - WARNING - This is a warning message.
2025-03-26 01:53:14,354 - ERROR - This is an error message.
2025-03-26 01:53:34,607 - INFO - Overview page Viewed
2025-03-26 01:58:10,807 - INFO - This is an info message.
2025-03-26 01:58:10,807 - WARNING - This is a warning message.
2025-03-26 01:58:10,808 - ERROR - This is an error message.
2025-03-26 01:58:25,954 - INFO - Overview page Viewed
2025-03-26 01:59:02,764 - INFO - This is an info message.
2025-03-26 01:59:02,764 - WARNING - This is a warning message.
2025-03-26 01:59:02,766 - ERROR - This is an error message.
2025-03-26 01:59:17,805 - INFO - Overview page Viewed
2025-03-26 02:00:56,103 - INFO - This is an info message.
2025-03-26 02:00:56,103 - WARNING - This is a warning message.
2025-03-26 02:00:56,104 - ERROR - This is an error message.
2025-03-26 02:01:16,804 - INFO - Overview page Viewed
2025-03-26 02:01:58,836 - INFO - This is an info message.
2025-03-26 02:01:58,836 - WARNING - This is a warning message.
2025-03-26 02:01:58,838 - ERROR - This is an error message.
2025-03-26 02:02:09,808 - INFO - Overview page Viewed
2025-03-26 02:05:44,517 - INFO - This is an info message.
2025-03-26 02:05:44,517 - WARNING - This is a warning message.
2025-03-26 02:05:44,518 - ERROR - This is an error message.
2025-03-26 02:06:02,324 - INFO - Overview page Viewed
2025-03-26 02:06:24,642 - INFO - This is an info message.
2025-03-26 02:06:24,644 - WARNING - This is a warning message.
2025-03-26 02:06:24,645 - ERROR - This is an error message.
2025-03-26 02:06:43,556 - INFO - Overview page Viewed
2025-03-26 02:15:08,985 - INFO - This is an info message.
2025-03-26 02:15:08,986 - WARNING - This is a warning message.
2025-03-26 02:15:08,986 - ERROR - This is an error message.
2025-03-26 02:15:23,220 - INFO - Overview page Viewed
2025-03-26 02:15:49,430 - INFO - This is an info message.
2025-03-26 02:15:49,430 - WARNING - This is a warning message.
2025-03-26 02:15:49,431 - ERROR - This is an error message.
2025-03-26 02:16:10,061 - INFO - Overview page Viewed
2025-03-26 02:16:43,302 - INFO - Overview page Viewed
2025-03-26 02:16:54,669 - INFO - Overview page Viewed
2025-03-26 02:17:00,778 - INFO - Overview page Viewed
2025-03-26 02:19:29,372 - INFO - This is an info message.
2025-03-26 02:19:29,373 - WARNING - This is a warning message.
2025-03-26 02:19:29,374 - ERROR - This is an error message.
2025-03-26 02:19:32,218 - INFO - Overview page Viewed
2025-03-26 02:20:26,689 - INFO - This is an info message.
2025-03-26 02:20:26,696 - WARNING - This is a warning message.
2025-03-26 02:20:26,710 - ERROR - This is an error message.
